<?xml version="1.0" encoding="UTF-8"?>
<!-- Generated by org.testng.reporters.JUnitReportReporter -->
<testsuite hostname="DESKTOP-M3M3QOK" failures="0" tests="1" name="com.cjc.Register" time="5.188" errors="0" timestamp="2021-08-04T15:46:20 IST" skipped="0">
  <testcase classname="com.cjc.Register" name="register" time="5.188"/>
  <system-out/>
</testsuite> <!-- com.cjc.Register -->
